21:01:46 **** Incremental Build of configuration Debug for project Assignment 11N - Hashing ****
Info: Internal Builder is used for build
g++ -O0 -g3 -Wall -c -fmessage-length=0 -o "src\\Assignment 11N - Hashing.o" "..\\src\\Assignment 11N - Hashing.cpp" 
In file included from ..\src\Assignment 11N - Hashing.cpp:11:
..\src\StudentHT.h: In member function 'StudentInfo StudentHT::search(StudentInfo)':
..\src\StudentHT.h:113:3: warning: no return statement in function returning non-void [-Wreturn-type]
   }
   ^
g++ -o "Assignment 11N - Hashing.exe" "src\\Assignment 11N - Hashing.o" 
Info: Nothing to build for Assignment 11N - Hashing
21:02:19 **** Incremental Build of configuration Debug for project Assignment 11N - Hashing ****
Info: Internal Builder is used for build
g++ -O0 -g3 -Wall -c -fmessage-length=0 -o "src\\Assignment 11N - Hashing.o" "..\\src\\Assignment 11N - Hashing.cpp" 
In file included from ..\src\Assignment 11N - Hashing.cpp:11:
..\src\StudentHT.h: In member function 'StudentInfo StudentHT::search(StudentInfo)':
..\src\StudentHT.h:113:3: warning: no return statement in function returning non-void [-Wreturn-type]
   }
   ^
g++ -o "Assignment 11N - Hashing.exe" "src\\Assignment 11N - Hashing.o" 
Info: Nothing to build for Assignment 11N - Hashing
Info: Nothing to build for Assignment 11N - Hashing
Info: Nothing to build for Assignment 11N - Hashing
21:02:43 **** Incremental Build of configuration Debug for project Assignment 11N - Hashing ****
Info: Internal Builder is used for build
g++ -O0 -g3 -Wall -c -fmessage-length=0 -o "src\\Assignment 11N - Hashing.o" "..\\src\\Assignment 11N - Hashing.cpp" 
In file included from ..\src\Assignment 11N - Hashing.cpp:11:
..\src\StudentHT.h: In member function 'StudentInfo StudentHT::search(StudentInfo)':
..\src\StudentHT.h:113:3: warning: no return statement in function returning non-void [-Wreturn-type]
   }
   ^
g++ -o "Assignment 11N - Hashing.exe" "src\\Assignment 11N - Hashing.o" 
Info: Nothing to build for Assignment 11N - Hashing
21:04:09 **** Incremental Build of configuration Debug for project Assignment 11N - Hashing ****
Info: Internal Builder is used for build
g++ -O0 -g3 -Wall -c -fmessage-length=0 -o "src\\Assignment 11N - Hashing.o" "..\\src\\Assignment 11N - Hashing.cpp" 
In file included from ..\src\Assignment 11N - Hashing.cpp:11:
..\src\StudentHT.h: In member function 'StudentInfo StudentHT::search(StudentInfo)':
..\src\StudentHT.h:113:3: warning: no return statement in function returning non-void [-Wreturn-type]
   }
   ^
g++ -o "Assignment 11N - Hashing.exe" "src\\Assignment 11N - Hashing.o" 
Info: Nothing to build for Assignment 11N - Hashing
21:04:31 **** Incremental Build of configuration Debug for project Assignment 11N - Hashing ****
Info: Internal Builder is used for build
g++ -O0 -g3 -Wall -c -fmessage-length=0 -o "src\\Assignment 11N - Hashing.o" "..\\src\\Assignment 11N - Hashing.cpp" 
In file included from ..\src\Assignment 11N - Hashing.cpp:11:
..\src\StudentHT.h: In member function 'StudentInfo StudentHT::search(StudentInfo)':
..\src\StudentHT.h:113:3: warning: no return statement in function returning non-void [-Wreturn-type]
   }
   ^
g++ -o "Assignment 11N - Hashing.exe" "src\\Assignment 11N - Hashing.o" 
Info: Nothing to build for Assignment 11N - Hashing
21:04:49 **** Incremental Build of configuration Debug for project Assignment 11N - Hashing ****
Info: Internal Builder is used for build
g++ -O0 -g3 -Wall -c -fmessage-length=0 -o "src\\Assignment 11N - Hashing.o" "..\\src\\Assignment 11N - Hashing.cpp" 
In file included from ..\src\Assignment 11N - Hashing.cpp:11:
..\src\StudentHT.h: In member function 'StudentInfo StudentHT::search(StudentInfo)':
..\src\StudentHT.h:113:3: warning: no return statement in function returning non-void [-Wreturn-type]
   }
   ^
g++ -o "Assignment 11N - Hashing.exe" "src\\Assignment 11N - Hashing.o" 
Info: Nothing to build for Assignment 11N - Hashing
21:06:36 **** Incremental Build of configuration Debug for project Assignment 11N - Hashing ****
Info: Internal Builder is used for build
g++ -O0 -g3 -Wall -c -fmessage-length=0 -o "src\\Assignment 11N - Hashing.o" "..\\src\\Assignment 11N - Hashing.cpp" 
In file included from ..\src\Assignment 11N - Hashing.cpp:11:
..\src\StudentHT.h: In member function 'StudentInfo StudentHT::search(StudentInfo)':
..\src\StudentHT.h:118:3: warning: no return statement in function returning non-void [-Wreturn-type]
   }
   ^
g++ -o "Assignment 11N - Hashing.exe" "src\\Assignment 11N - Hashing.o" 
Info: Nothing to build for Assignment 11N - Hashing
21:07:32 **** Incremental Build of configuration Debug for project Assignment 11N - Hashing ****
Info: Internal Builder is used for build
g++ -O0 -g3 -Wall -c -fmessage-length=0 -o "src\\Assignment 11N - Hashing.o" "..\\src\\Assignment 11N - Hashing.cpp" 
In file included from ..\src\Assignment 11N - Hashing.cpp:11:
..\src\StudentHT.h: In member function 'StudentInfo StudentHT::search(StudentInfo)':
..\src\StudentHT.h:119:3: warning: no return statement in function returning non-void [-Wreturn-type]
   }
   ^
g++ -o "Assignment 11N - Hashing.exe" "src\\Assignment 11N - Hashing.o" 
Info: Nothing to build for Assignment 11N - Hashing
21:07:53 **** Incremental Build of configuration Debug for project Assignment 11N - Hashing ****
Info: Internal Builder is used for build
g++ -O0 -g3 -Wall -c -fmessage-length=0 -o "src\\Assignment 11N - Hashing.o" "..\\src\\Assignment 11N - Hashing.cpp" 
In file included from ..\src\Assignment 11N - Hashing.cpp:11:
..\src\StudentHT.h: In member function 'StudentInfo StudentHT::search(StudentInfo)':
..\src\StudentHT.h:120:3: warning: no return statement in function returning non-void [-Wreturn-type]
   }
   ^
g++ -o "Assignment 11N - Hashing.exe" "src\\Assignment 11N - Hashing.o" 
Info: Nothing to build for Assignment 11N - Hashing
21:10:37 **** Incremental Build of configuration Debug for project Assignment 11N - Hashing ****
Info: Internal Builder is used for build
g++ -O0 -g3 -Wall -c -fmessage-length=0 -o "src\\Assignment 11N - Hashing.o" "..\\src\\Assignment 11N - Hashing.cpp" 
In file included from ..\src\Assignment 11N - Hashing.cpp:11:
..\src\StudentHT.h: In member function 'StudentInfo StudentHT::search(StudentInfo)':
..\src\StudentHT.h:119:3: warning: no return statement in function returning non-void [-Wreturn-type]
   }
   ^
g++ -o "Assignment 11N - Hashing.exe" "src\\Assignment 11N - Hashing.o" 
Info: Nothing to build for Assignment 11N - Hashing
21:10:48 **** Incremental Build of configuration Debug for project Assignment 11N - Hashing ****
Info: Internal Builder is used for build
g++ -O0 -g3 -Wall -c -fmessage-length=0 -o "src\\Assignment 11N - Hashing.o" "..\\src\\Assignment 11N - Hashing.cpp" 
In file included from ..\src\Assignment 11N - Hashing.cpp:11:
..\src\StudentHT.h: In member function 'StudentInfo StudentHT::search(StudentInfo)':
..\src\StudentHT.h:119:3: warning: no return statement in function returning non-void [-Wreturn-type]
   }
   ^
g++ -o "Assignment 11N - Hashing.exe" "src\\Assignment 11N - Hashing.o" 
Info: Nothing to build for Assignment 11N - Hashing
21:11:13 **** Incremental Build of configuration Debug for project Assignment 11N - Hashing ****
Info: Internal Builder is used for build
g++ -O0 -g3 -Wall -c -fmessage-length=0 -o "src\\Assignment 11N - Hashing.o" "..\\src\\Assignment 11N - Hashing.cpp" 
In file included from ..\src\Assignment 11N - Hashing.cpp:11:
..\src\StudentHT.h: In member function 'StudentInfo StudentHT::search(StudentInfo)':
..\src\StudentHT.h:120:3: warning: no return statement in function returning non-void [-Wreturn-type]
   }
   ^
g++ -o "Assignment 11N - Hashing.exe" "src\\Assignment 11N - Hashing.o" 
Info: Nothing to build for Assignment 11N - Hashing
21:11:59 **** Incremental Build of configuration Debug for project Assignment 11N - Hashing ****
Info: Internal Builder is used for build
g++ -O0 -g3 -Wall -c -fmessage-length=0 -o "src\\Assignment 11N - Hashing.o" "..\\src\\Assignment 11N - Hashing.cpp" 
In file included from ..\src\Assignment 11N - Hashing.cpp:11:
..\src\StudentHT.h: In member function 'StudentInfo StudentHT::search(StudentInfo)':
..\src\StudentHT.h:121:3: warning: no return statement in function returning non-void [-Wreturn-type]
   }
   ^
g++ -o "Assignment 11N - Hashing.exe" "src\\Assignment 11N - Hashing.o" 
Info: Nothing to build for Assignment 11N - Hashing
21:13:02 **** Incremental Build of configuration Debug for project Assignment 11N - Hashing ****
Info: Internal Builder is used for build
g++ -O0 -g3 -Wall -c -fmessage-length=0 -o "src\\Assignment 11N - Hashing.o" "..\\src\\Assignment 11N - Hashing.cpp" 
In file included from ..\src\Assignment 11N - Hashing.cpp:11:
..\src\StudentHT.h: In member function 'StudentInfo StudentHT::search(StudentInfo)':
..\src\StudentHT.h:123:3: warning: no return statement in function returning non-void [-Wreturn-type]
   }
   ^
g++ -o "Assignment 11N - Hashing.exe" "src\\Assignment 11N - Hashing.o" 
Info: Nothing to build for Assignment 11N - Hashing
21:14:21 **** Incremental Build of configuration Debug for project Assignment 11N - Hashing ****
Info: Internal Builder is used for build
g++ -O0 -g3 -Wall -c -fmessage-length=0 -o "src\\Assignment 11N - Hashing.o" "..\\src\\Assignment 11N - Hashing.cpp" 
In file included from ..\src\Assignment 11N - Hashing.cpp:11:
..\src\StudentHT.h: In member function 'StudentInfo StudentHT::search(StudentInfo)':
..\src\StudentHT.h:124:3: warning: no return statement in function returning non-void [-Wreturn-type]
   }
   ^
g++ -o "Assignment 11N - Hashing.exe" "src\\Assignment 11N - Hashing.o" 
Info: Nothing to build for Assignment 11N - Hashing
21:14:39 **** Incremental Build of configuration Debug for project Assignment 11N - Hashing ****
Info: Internal Builder is used for build
g++ -O0 -g3 -Wall -c -fmessage-length=0 -o "src\\Assignment 11N - Hashing.o" "..\\src\\Assignment 11N - Hashing.cpp" 
In file included from ..\src\Assignment 11N - Hashing.cpp:11:
..\src\StudentHT.h: In member function 'StudentInfo StudentHT::search(StudentInfo)':
..\src\StudentHT.h:125:3: warning: no return statement in function returning non-void [-Wreturn-type]
   }
   ^
g++ -o "Assignment 11N - Hashing.exe" "src\\Assignment 11N - Hashing.o" 
Info: Nothing to build for Assignment 11N - Hashing
21:21:37 **** Incremental Build of configuration Debug for project Assignment 11N - Hashing ****
Info: Internal Builder is used for build
g++ -O0 -g3 -Wall -c -fmessage-length=0 -o "src\\Assignment 11N - Hashing.o" "..\\src\\Assignment 11N - Hashing.cpp" 
In file included from ..\src\Assignment 11N - Hashing.cpp:11:
..\src\StudentHT.h: In member function 'StudentInfo StudentHT::search(StudentInfo)':
..\src\StudentHT.h:130:3: warning: no return statement in function returning non-void [-Wreturn-type]
   }
   ^
g++ -o "Assignment 11N - Hashing.exe" "src\\Assignment 11N - Hashing.o" 
Info: Nothing to build for Assignment 11N - Hashing
21:24:15 **** Incremental Build of configuration Debug for project Assignment 11N - Hashing ****
Info: Internal Builder is used for build
g++ -O0 -g3 -Wall -c -fmessage-length=0 -o "src\\Assignment 11N - Hashing.o" "..\\src\\Assignment 11N - Hashing.cpp" 
In file included from ..\src\Assignment 11N - Hashing.cpp:11:
..\src\StudentHT.h: In member function 'StudentInfo StudentHT::search(StudentInfo)':
..\src\StudentHT.h:121:3: warning: no return statement in function returning non-void [-Wreturn-type]
   }
   ^
..\src\Assignment 11N - Hashing.cpp: In function 'int main()':
..\src\Assignment 11N - Hashing.cpp:55:49: error: expected ';' before 'studentTable'
    cout << "Displaying Table\n===============\n"
                                                 ^
                                                 ;
    studentTable.displayTable();
    ~~~~~~~~~~~~                                  
21:24:20 **** Incremental Build of configuration Debug for project Assignment 11N - Hashing ****
Info: Internal Builder is used for build
g++ -O0 -g3 -Wall -c -fmessage-length=0 -o "src\\Assignment 11N - Hashing.o" "..\\src\\Assignment 11N - Hashing.cpp" 
In file included from ..\src\Assignment 11N - Hashing.cpp:11:
..\src\StudentHT.h: In member function 'StudentInfo StudentHT::search(StudentInfo)':
..\src\StudentHT.h:121:3: warning: no return statement in function returning non-void [-Wreturn-type]
   }
   ^
g++ -o "Assignment 11N - Hashing.exe" "src\\Assignment 11N - Hashing.o" 
Info: Nothing to build for Assignment 11N - Hashing
Info: Nothing to build for Assignment 11N - Hashing
21:25:11 **** Incremental Build of configuration Debug for project Assignment 11N - Hashing ****
Info: Internal Builder is used for build
g++ -O0 -g3 -Wall -c -fmessage-length=0 -o "src\\Assignment 11N - Hashing.o" "..\\src\\Assignment 11N - Hashing.cpp" 
In file included from ..\src\Assignment 11N - Hashing.cpp:11:
..\src\StudentHT.h: In member function 'StudentInfo StudentHT::search(StudentInfo)':
..\src\StudentHT.h:121:3: warning: no return statement in function returning non-void [-Wreturn-type]
   }
   ^
g++ -o "Assignment 11N - Hashing.exe" "src\\Assignment 11N - Hashing.o" 
Info: Nothing to build for Assignment 11N - Hashing
21:25:32 **** Incremental Build of configuration Debug for project Assignment 11N - Hashing ****
Info: Internal Builder is used for build
g++ -O0 -g3 -Wall -c -fmessage-length=0 -o "src\\Assignment 11N - Hashing.o" "..\\src\\Assignment 11N - Hashing.cpp" 
In file included from ..\src\Assignment 11N - Hashing.cpp:11:
..\src\StudentHT.h: In member function 'StudentInfo StudentHT::search(StudentInfo)':
..\src\StudentHT.h:121:3: warning: no return statement in function returning non-void [-Wreturn-type]
   }
   ^
g++ -o "Assignment 11N - Hashing.exe" "src\\Assignment 11N - Hashing.o" 
Info: Nothing to build for Assignment 11N - Hashing
21:27:11 **** Incremental Build of configuration Debug for project Assignment 11N - Hashing ****
Info: Internal Builder is used for build
g++ -O0 -g3 -Wall -c -fmessage-length=0 -o "src\\Assignment 11N - Hashing.o" "..\\src\\Assignment 11N - Hashing.cpp" 
In file included from ..\src\Assignment 11N - Hashing.cpp:11:
..\src\StudentHT.h: In member function 'StudentInfo StudentHT::search(StudentInfo)':
..\src\StudentHT.h:120:3: warning: no return statement in function returning non-void [-Wreturn-type]
   }
   ^
g++ -o "Assignment 11N - Hashing.exe" "src\\Assignment 11N - Hashing.o" 
Info: Nothing to build for Assignment 11N - Hashing
21:28:03 **** Incremental Build of configuration Debug for project Assignment 11N - Hashing ****
Info: Internal Builder is used for build
g++ -O0 -g3 -Wall -c -fmessage-length=0 -o "src\\Assignment 11N - Hashing.o" "..\\src\\Assignment 11N - Hashing.cpp" 
In file included from ..\src\Assignment 11N - Hashing.cpp:11:
..\src\StudentHT.h: In member function 'StudentInfo StudentHT::search(StudentInfo)':
..\src\StudentHT.h:120:3: warning: no return statement in function returning non-void [-Wreturn-type]
   }
   ^
g++ -o "Assignment 11N - Hashing.exe" "src\\Assignment 11N - Hashing.o" 
Info: Nothing to build for Assignment 11N - Hashing
21:29:31 **** Incremental Build of configuration Debug for project Assignment 11N - Hashing ****
Info: Internal Builder is used for build
g++ -O0 -g3 -Wall -c -fmessage-length=0 -o "src\\Assignment 11N - Hashing.o" "..\\src\\Assignment 11N - Hashing.cpp" 
In file included from ..\src\Assignment 11N - Hashing.cpp:11:
..\src\StudentHT.h: In member function 'StudentInfo StudentHT::search(StudentInfo)':
..\src\StudentHT.h:120:3: warning: no return statement in function returning non-void [-Wreturn-type]
   }
   ^
g++ -o "Assignment 11N - Hashing.exe" "src\\Assignment 11N - Hashing.o" 
Info: Nothing to build for Assignment 11N - Hashing
21:30:55 **** Incremental Build of configuration Debug for project Assignment 11N - Hashing ****
Info: Internal Builder is used for build
g++ -O0 -g3 -Wall -c -fmessage-length=0 -o "src\\Assignment 11N - Hashing.o" "..\\src\\Assignment 11N - Hashing.cpp" 
In file included from ..\src\Assignment 11N - Hashing.cpp:11:
..\src\StudentHT.h: In member function 'StudentInfo StudentHT::search(StudentInfo)':
..\src\StudentHT.h:120:3: warning: no return statement in function returning non-void [-Wreturn-type]
   }
   ^
g++ -o "Assignment 11N - Hashing.exe" "src\\Assignment 11N - Hashing.o" 
Info: Nothing to build for Assignment 11N - Hashing
21:31:48 **** Incremental Build of configuration Debug for project Assignment 11N - Hashing ****
Info: Internal Builder is used for build
g++ -O0 -g3 -Wall -c -fmessage-length=0 -o "src\\Assignment 11N - Hashing.o" "..\\src\\Assignment 11N - Hashing.cpp" 
In file included from ..\src\Assignment 11N - Hashing.cpp:11:
..\src\StudentHT.h: In member function 'StudentInfo StudentHT::search(StudentInfo)':
..\src\StudentHT.h:120:3: warning: no return statement in function returning non-void [-Wreturn-type]
   }
   ^
g++ -o "Assignment 11N - Hashing.exe" "src\\Assignment 11N - Hashing.o" 
Info: Nothing to build for Assignment 11N - Hashing
21:37:04 **** Incremental Build of configuration Debug for project Assignment 11N - Hashing ****
Info: Internal Builder is used for build
g++ -O0 -g3 -Wall -c -fmessage-length=0 -o "src\\Assignment 11N - Hashing.o" "..\\src\\Assignment 11N - Hashing.cpp" 
In file included from ..\src\Assignment 11N - Hashing.cpp:11:
..\src\StudentHT.h: In member function 'StudentInfo StudentHT::search(StudentInfo)':
..\src\StudentHT.h:120:3: warning: no return statement in function returning non-void [-Wreturn-type]
   }
   ^
..\src\Assignment 11N - Hashing.cpp: In function 'int main()':
..\src\Assignment 11N - Hashing.cpp:26:4: error: expected ',' or ';' before 'char'
    char randChar ;
    ^~~~
21:37:26 **** Incremental Build of configuration Debug for project Assignment 11N - Hashing ****
Info: Internal Builder is used for build
g++ -O0 -g3 -Wall -c -fmessage-length=0 -o "src\\Assignment 11N - Hashing.o" "..\\src\\Assignment 11N - Hashing.cpp" 
In file included from ..\src\Assignment 11N - Hashing.cpp:11:
..\src\StudentHT.h: In member function 'StudentInfo StudentHT::search(StudentInfo)':
..\src\StudentHT.h:120:3: warning: no return statement in function returning non-void [-Wreturn-type]
   }
   ^
..\src\Assignment 11N - Hashing.cpp: In function 'int main()':
..\src\Assignment 11N - Hashing.cpp:26:9: warning: unused variable 'randChar' [-Wunused-variable]
    char randChar ;
         ^~~~~~~~
g++ -o "Assignment 11N - Hashing.exe" "src\\Assignment 11N - Hashing.o" 
Info: Nothing to build for Assignment 11N - Hashing
21:38:34 **** Incremental Build of configuration Debug for project Assignment 11N - Hashing ****
Info: Internal Builder is used for build
g++ -O0 -g3 -Wall -c -fmessage-length=0 -o "src\\Assignment 11N - Hashing.o" "..\\src\\Assignment 11N - Hashing.cpp" 
In file included from ..\src\Assignment 11N - Hashing.cpp:11:
..\src\StudentHT.h: In member function 'StudentInfo StudentHT::search(StudentInfo)':
..\src\StudentHT.h:120:3: warning: no return statement in function returning non-void [-Wreturn-type]
   }
   ^
..\src\Assignment 11N - Hashing.cpp: In function 'int main()':
..\src\Assignment 11N - Hashing.cpp:26:9: warning: unused variable 'randChar' [-Wunused-variable]
    char randChar ;
         ^~~~~~~~
g++ -o "Assignment 11N - Hashing.exe" "src\\Assignment 11N - Hashing.o" 
Info: Nothing to build for Assignment 11N - Hashing
Info: Nothing to build for Assignment 11N - Hashing
Info: Nothing to build for Assignment 11N - Hashing
21:39:27 **** Incremental Build of configuration Debug for project Assignment 11N - Hashing ****
Info: Internal Builder is used for build
g++ -O0 -g3 -Wall -c -fmessage-length=0 -o "src\\Assignment 11N - Hashing.o" "..\\src\\Assignment 11N - Hashing.cpp" 
In file included from ..\src\Assignment 11N - Hashing.cpp:11:
..\src\StudentHT.h: In member function 'StudentInfo StudentHT::search(StudentInfo)':
..\src\StudentHT.h:120:3: warning: no return statement in function returning non-void [-Wreturn-type]
   }
   ^
..\src\Assignment 11N - Hashing.cpp: In function 'int main()':
..\src\Assignment 11N - Hashing.cpp:26:9: warning: unused variable 'randChar' [-Wunused-variable]
    char randChar ;
         ^~~~~~~~
g++ -o "Assignment 11N - Hashing.exe" "src\\Assignment 11N - Hashing.o" 
Info: Nothing to build for Assignment 11N - Hashing
11:30:48 **** Incremental Build of configuration Debug for project Assignment 11N - Hashing ****
Info: Internal Builder is used for build
g++ -O0 -g3 -Wall -c -fmessage-length=0 -o "src\\Assignment 11N - Hashing.o" "..\\src\\Assignment 11N - Hashing.cpp" 
..\src\Assignment 11N - Hashing.cpp: In function 'int main()':
..\src\Assignment 11N - Hashing.cpp:26:9: warning: unused variable 'randChar' [-Wunused-variable]
    char randChar ;
         ^~~~~~~~
g++ -o "Assignment 11N - Hashing.exe" "src\\Assignment 11N - Hashing.o" 
Info: Nothing to build for Assignment 11N - Hashing
11:32:02 **** Incremental Build of configuration Debug for project Assignment 11N - Hashing ****
Info: Internal Builder is used for build
g++ -O0 -g3 -Wall -c -fmessage-length=0 -o "src\\Assignment 11N - Hashing.o" "..\\src\\Assignment 11N - Hashing.cpp" 
..\src\Assignment 11N - Hashing.cpp: In function 'int main()':
..\src\Assignment 11N - Hashing.cpp:26:9: warning: unused variable 'randChar' [-Wunused-variable]
    char randChar ;
         ^~~~~~~~
g++ -o "Assignment 11N - Hashing.exe" "src\\Assignment 11N - Hashing.o" 
Info: Nothing to build for Assignment 11N - Hashing
11:33:29 **** Incremental Build of configuration Debug for project Assignment 11N - Hashing ****
Info: Internal Builder is used for build
g++ -O0 -g3 -Wall -c -fmessage-length=0 -o "src\\Assignment 11N - Hashing.o" "..\\src\\Assignment 11N - Hashing.cpp" 
..\src\Assignment 11N - Hashing.cpp: In function 'int main()':
..\src\Assignment 11N - Hashing.cpp:26:9: warning: unused variable 'randChar' [-Wunused-variable]
    char randChar ;
         ^~~~~~~~
g++ -o "Assignment 11N - Hashing.exe" "src\\Assignment 11N - Hashing.o" 
Info: Nothing to build for Assignment 11N - Hashing
11:35:23 **** Incremental Build of configuration Debug for project Assignment 11N - Hashing ****
Info: Internal Builder is used for build
g++ -O0 -g3 -Wall -c -fmessage-length=0 -o "src\\Assignment 11N - Hashing.o" "..\\src\\Assignment 11N - Hashing.cpp" 
..\src\Assignment 11N - Hashing.cpp: In function 'int main()':
..\src\Assignment 11N - Hashing.cpp:26:9: warning: unused variable 'randChar' [-Wunused-variable]
    char randChar ;
         ^~~~~~~~
g++ -o "Assignment 11N - Hashing.exe" "src\\Assignment 11N - Hashing.o" 
11:38:39 **** Incremental Build of configuration Debug for project Assignment 11N - Hashing ****
Info: Internal Builder is used for build
g++ -O0 -g3 -Wall -c -fmessage-length=0 -o "src\\Assignment 11N - Hashing.o" "..\\src\\Assignment 11N - Hashing.cpp" 
..\src\Assignment 11N - Hashing.cpp: In function 'int main()':
..\src\Assignment 11N - Hashing.cpp:26:9: warning: unused variable 'randChar' [-Wunused-variable]
    char randChar ;
         ^~~~~~~~
g++ -o "Assignment 11N - Hashing.exe" "src\\Assignment 11N - Hashing.o" 
Info: Nothing to build for Assignment 11N - Hashing
11:39:58 **** Incremental Build of configuration Debug for project Assignment 11N - Hashing ****
Info: Internal Builder is used for build
g++ -O0 -g3 -Wall -c -fmessage-length=0 -o "src\\Assignment 11N - Hashing.o" "..\\src\\Assignment 11N - Hashing.cpp" 
..\src\Assignment 11N - Hashing.cpp: In function 'int main()':
..\src\Assignment 11N - Hashing.cpp:26:9: warning: unused variable 'randChar' [-Wunused-variable]
    char randChar ;
         ^~~~~~~~
g++ -o "Assignment 11N - Hashing.exe" "src\\Assignment 11N - Hashing.o" 
Info: Nothing to build for Assignment 11N - Hashing
11:42:28 **** Incremental Build of configuration Debug for project Assignment 11N - Hashing ****
Info: Internal Builder is used for build
g++ -O0 -g3 -Wall -c -fmessage-length=0 -o "src\\Assignment 11N - Hashing.o" "..\\src\\Assignment 11N - Hashing.cpp" 
..\src\Assignment 11N - Hashing.cpp: In function 'int main()':
..\src\Assignment 11N - Hashing.cpp:26:9: warning: unused variable 'randChar' [-Wunused-variable]
    char randChar ;
         ^~~~~~~~
g++ -o "Assignment 11N - Hashing.exe" "src\\Assignment 11N - Hashing.o" 
Info: Nothing to build for Assignment 11N - Hashing
11:43:28 **** Incremental Build of configuration Debug for project Assignment 11N - Hashing ****
Info: Internal Builder is used for build
g++ -O0 -g3 -Wall -c -fmessage-length=0 -o "src\\Assignment 11N - Hashing.o" "..\\src\\Assignment 11N - Hashing.cpp" 
..\src\Assignment 11N - Hashing.cpp: In function 'int main()':
..\src\Assignment 11N - Hashing.cpp:26:9: warning: unused variable 'randChar' [-Wunused-variable]
    char randChar ;
         ^~~~~~~~
g++ -o "Assignment 11N - Hashing.exe" "src\\Assignment 11N - Hashing.o" 
Info: Nothing to build for Assignment 11N - Hashing
11:45:12 **** Incremental Build of configuration Debug for project Assignment 11N - Hashing ****
Info: Internal Builder is used for build
g++ -O0 -g3 -Wall -c -fmessage-length=0 -o "src\\Assignment 11N - Hashing.o" "..\\src\\Assignment 11N - Hashing.cpp" 
..\src\Assignment 11N - Hashing.cpp: In function 'int main()':
..\src\Assignment 11N - Hashing.cpp:26:9: warning: unused variable 'randChar' [-Wunused-variable]
    char randChar ;
         ^~~~~~~~
g++ -o "Assignment 11N - Hashing.exe" "src\\Assignment 11N - Hashing.o" 
Info: Nothing to build for Assignment 11N - Hashing
11:46:00 **** Incremental Build of configuration Debug for project Assignment 11N - Hashing ****
Info: Internal Builder is used for build
g++ -O0 -g3 -Wall -c -fmessage-length=0 -o "src\\Assignment 11N - Hashing.o" "..\\src\\Assignment 11N - Hashing.cpp" 
..\src\Assignment 11N - Hashing.cpp: In function 'int main()':
..\src\Assignment 11N - Hashing.cpp:26:9: warning: unused variable 'randChar' [-Wunused-variable]
    char randChar ;
         ^~~~~~~~
g++ -o "Assignment 11N - Hashing.exe" "src\\Assignment 11N - Hashing.o" 
Info: Nothing to build for Assignment 11N - Hashing
11:47:00 **** Incremental Build of configuration Debug for project Assignment 11N - Hashing ****
Info: Internal Builder is used for build
g++ -O0 -g3 -Wall -c -fmessage-length=0 -o "src\\Assignment 11N - Hashing.o" "..\\src\\Assignment 11N - Hashing.cpp" 
..\src\Assignment 11N - Hashing.cpp: In function 'int main()':
..\src\Assignment 11N - Hashing.cpp:26:9: warning: unused variable 'randChar' [-Wunused-variable]
    char randChar ;
         ^~~~~~~~
g++ -o "Assignment 11N - Hashing.exe" "src\\Assignment 11N - Hashing.o" 
Info: Nothing to build for Assignment 11N - Hashing
11:51:00 **** Incremental Build of configuration Debug for project Assignment 11N - Hashing ****
Info: Internal Builder is used for build
g++ -O0 -g3 -Wall -c -fmessage-length=0 -o "src\\Assignment 11N - Hashing.o" "..\\src\\Assignment 11N - Hashing.cpp" 
..\src\Assignment 11N - Hashing.cpp: In function 'int main()':
..\src\Assignment 11N - Hashing.cpp:26:9: warning: unused variable 'randChar' [-Wunused-variable]
    char randChar ;
         ^~~~~~~~
g++ -o "Assignment 11N - Hashing.exe" "src\\Assignment 11N - Hashing.o" 
Info: Nothing to build for Assignment 11N - Hashing
